# JRE version: Java(TM) SE Runtime Environment (7.0_71-b14) (build 1.7.0_71-b14)
# Java VM: Java HotSpot(TM) 64-Bit Server VM (24.71-b01 mixed mode windows-amd64 compressed oops)
Heap
 PSYoungGen      total 146944K, used 12155K [0x00000000f5500000, 0x0000000100000000, 0x0000000100000000)
  eden space 124928K, 0% used [0x00000000f5500000,0x00000000f55b5670,0x00000000fcf00000)
  from space 22016K, 51% used [0x00000000fcf00000,0x00000000fda29940,0x00000000fe480000)
  to   space 21504K, 0% used [0x00000000feb00000,0x00000000feb00000,0x0000000100000000)
 ParOldGen       total 85504K, used 61572K [0x00000000e0000000, 0x00000000e5380000, 0x00000000f5500000)
  object space 85504K, 72% used [0x00000000e0000000,0x00000000e3c21200,0x00000000e5380000)
 PSPermGen       total 112640K, used 74951K [0x00000000d0000000, 0x00000000d6e00000, 0x00000000e0000000)
  object space 112640K, 66% used [0x00000000d0000000,0x00000000d4931d08,0x00000000d6e00000)
GC Heap History (10 events):
Event: 1353.249 GC heap before
{Heap before GC invocations=19 (full 1):
 PSYoungGen      total 140288K, used 140008K [0x00000000f5500000, 0x00000000ff580000, 0x0000000100000000)
  eden space 123392K, 100% used [0x00000000f5500000,0x00000000fcd80000,0x00000000fcd80000)
  from space 16896K, 98% used [0x00000000fd280000,0x00000000fe2ba020,0x00000000fe300000)
  to   space 18944K, 0% used [0x00000000fe300000,0x00000000fe300000,0x00000000ff580000)
 ParOldGen       total 85504K, used 60253K [0x00000000e0000000, 0x00000000e5380000, 0x00000000f5500000)
  object space 85504K, 70% used [0x00000000e0000000,0x00000000e3ad7428,0x00000000e5380000)
 PSPermGen       total 84480K, used 67018K [0x00000000d0000000, 0x00000000d5280000, 0x00000000e0000000)
  object space 84480K, 79% used [0x00000000d0000000,0x00000000d4172960,0x00000000d5280000)
Event: 1353.285 GC heap after
Heap after GC invocations=19 (full 1):
 PSYoungGen      total 143872K, used 12227K [0x00000000f5500000, 0x0000000100000000, 0x0000000100000000)
  eden space 124928K, 0% used [0x00000000f5500000,0x00000000f5500000,0x00000000fcf00000)
  from space 18944K, 64% used [0x00000000fe300000,0x00000000feef0c48,0x00000000ff580000)
  to   space 20480K, 0% used [0x00000000fcf00000,0x00000000fcf00000,0x00000000fe300000)
 ParOldGen       total 85504K, used 70514K [0x00000000e0000000, 0x00000000e5380000, 0x00000000f5500000)
  object space 85504K, 82% used [0x00000000e0000000,0x00000000e44dca40,0x00000000e5380000)
 PSPermGen       total 84480K, used 67018K [0x00000000d0000000, 0x00000000d5280000, 0x00000000e0000000)
  object space 84480K, 79% used [0x00000000d0000000,0x00000000d4172960,0x00000000d5280000)
}
Event: 1353.692 GC heap before
{Heap before GC invocations=20 (full 1):
 PSYoungGen      total 143872K, used 31870K [0x00000000f5500000, 0x0000000100000000, 0x0000000100000000)
  eden space 124928K, 15% used [0x00000000f5500000,0x00000000f682edf0,0x00000000fcf00000)
  from space 18944K, 64% used [0x00000000fe300000,0x00000000feef0c48,0x00000000ff580000)
  to   space 20480K, 0% used [0x00000000fcf00000,0x00000000fcf00000,0x00000000fe300000)
 ParOldGen       total 85504K, used 70514K [0x00000000e0000000, 0x00000000e5380000, 0x00000000f5500000)
  object space 85504K, 82% used [0x00000000e0000000,0x00000000e44dca40,0x00000000e5380000)
 PSPermGen       total 84480K, used 67232K [0x00000000d0000000, 0x00000000d5280000, 0x00000000e0000000)
  object space 84480K, 79% used [0x00000000d0000000,0x00000000d41a8110,0x00000000d5280000)
Event: 1354.865 GC heap after
Heap after GC invocations=20 (full 1):
 PSYoungGen      total 145408K, used 512K [0x00000000f5500000, 0x0000000100000000, 0x0000000100000000)
  eden space 124928K, 0% used [0x00000000f5500000,0x00000000f5500000,0x00000000fcf00000)
  from space 20480K, 2% used [0x00000000fcf00000,0x00000000fcf80000,0x00000000fe300000)
  to   space 20992K, 0% used [0x00000000feb80000,0x00000000feb80000,0x0000000100000000)
 ParOldGen       total 85504K, used 81228K [0x00000000e0000000, 0x00000000e5380000, 0x00000000f5500000)
  object space 85504K, 94% used [0x00000000e0000000,0x00000000e4f53090,0x00000000e5380000)
 PSPermGen       total 84480K, used 67232K [0x00000000d0000000, 0x00000000d5280000, 0x00000000e0000000)
  object space 84480K, 79% used [0x00000000d0000000,0x00000000d41a8110,0x00000000d5280000)
}
Event: 1354.865 GC heap before
{Heap before GC invocations=21 (full 2):
 PSYoungGen      total 145408K, used 512K [0x00000000f5500000, 0x0000000100000000, 0x0000000100000000)
  eden space 124928K, 0% used [0x00000000f5500000,0x00000000f5500000,0x00000000fcf00000)
  from space 20480K, 2% used [0x00000000fcf00000,0x00000000fcf80000,0x00000000fe300000)
  to   space 20992K, 0% used [0x00000000feb80000,0x00000000feb80000,0x0000000100000000)
 ParOldGen       total 85504K, used 81228K [0x00000000e0000000, 0x00000000e5380000, 0x00000000f5500000)
  object space 85504K, 94% used [0x00000000e0000000,0x00000000e4f53090,0x00000000e5380000)
 PSPermGen       total 84480K, used 67232K [0x00000000d0000000, 0x00000000d5280000, 0x00000000e0000000)
  object space 84480K, 79% used [0x00000000d0000000,0x00000000d41a8110,0x00000000d5280000)
Event: 1358.195 GC heap after
Heap after GC invocations=21 (full 2):
 PSYoungGen      total 145408K, used 0K [0x00000000f5500000, 0x0000000100000000, 0x0000000100000000)
  eden space 124928K, 0% used [0x00000000f5500000,0x00000000f5500000,0x00000000fcf00000)
  from space 20480K, 0% used [0x00000000fcf00000,0x00000000fcf00000,0x00000000fe300000)
  to   space 20992K, 0% used [0x00000000feb80000,0x00000000feb80000,0x0000000100000000)
 ParOldGen       total 85504K, used 53302K [0x00000000e0000000, 0x00000000e5380000, 0x00000000f5500000)
  object space 85504K, 62% used [0x00000000e0000000,0x00000000e340dbc0,0x00000000e5380000)
 PSPermGen       total 112640K, used 65964K [0x00000000d0000000, 0x00000000d6e00000, 0x00000000e0000000)
  object space 112640K, 58% used [0x00000000d0000000,0x00000000d406b210,0x00000000d6e00000)
}
Event: 1814.527 GC heap before
{Heap before GC invocations=22 (full 2):
 PSYoungGen      total 145408K, used 124928K [0x00000000f5500000, 0x0000000100000000, 0x0000000100000000)
  eden space 124928K, 100% used [0x00000000f5500000,0x00000000fcf00000,0x00000000fcf00000)
  from space 20480K, 0% used [0x00000000fcf00000,0x00000000fcf00000,0x00000000fe300000)
  to   space 20992K, 0% used [0x00000000feb80000,0x00000000feb80000,0x0000000100000000)
 ParOldGen       total 85504K, used 53302K [0x00000000e0000000, 0x00000000e5380000, 0x00000000f5500000)
  object space 85504K, 62% used [0x00000000e0000000,0x00000000e340dbc0,0x00000000e5380000)
 PSPermGen       total 112640K, used 72826K [0x00000000d0000000, 0x00000000d6e00000, 0x00000000e0000000)
  object space 112640K, 64% used [0x00000000d0000000,0x00000000d471eb88,0x00000000d6e00000)
Event: 1814.539 GC heap after
Heap after GC invocations=22 (full 2):
 PSYoungGen      total 135168K, used 14539K [0x00000000f5500000, 0x00000000ffa00000, 0x0000000100000000)
  eden space 120320K, 0% used [0x00000000f5500000,0x00000000f5500000,0x00000000fca80000)
  from space 14848K, 97% used [0x00000000feb80000,0x00000000ff9b2cd8,0x00000000ffa00000)
  to   space 22016K, 0% used [0x00000000fcf00000,0x00000000fcf00000,0x00000000fe480000)
 ParOldGen       total 85504K, used 53302K [0x00000000e0000000, 0x00000000e5380000, 0x00000000f5500000)
  object space 85504K, 62% used [0x00000000e0000000,0x00000000e340dbc0,0x00000000e5380000)
 PSPermGen       total 112640K, used 72826K [0x00000000d0000000, 0x00000000d6e00000, 0x00000000e0000000)
  object space 112640K, 64% used [0x00000000d0000000,0x00000000d471eb88,0x00000000d6e00000)
}
Event: 1816.684 GC heap before
{Heap before GC invocations=23 (full 2):
 PSYoungGen      total 135168K, used 134859K [0x00000000f5500000, 0x00000000ffa00000, 0x0000000100000000)
  eden space 120320K, 100% used [0x00000000f5500000,0x00000000fca80000,0x00000000fca80000)
  from space 14848K, 97% used [0x00000000feb80000,0x00000000ff9b2cd8,0x00000000ffa00000)
  to   space 22016K, 0% used [0x00000000fcf00000,0x00000000fcf00000,0x00000000fe480000)
 ParOldGen       total 85504K, used 53302K [0x00000000e0000000, 0x00000000e5380000, 0x00000000f5500000)
  object space 85504K, 62% used [0x00000000e0000000,0x00000000e340dbc0,0x00000000e5380000)
 PSPermGen       total 112640K, used 74951K [0x00000000d0000000, 0x00000000d6e00000, 0x00000000e0000000)
  object space 112640K, 66% used [0x00000000d0000000,0x00000000d4931d08,0x00000000d6e00000)
Event: 1816.730 GC heap after
Heap after GC invocations=23 (full 2):
 PSYoungGen      total 146944K, used 11430K [0x00000000f5500000, 0x0000000100000000, 0x0000000100000000)
  eden space 124928K, 0% used [0x00000000f5500000,0x00000000f5500000,0x00000000fcf00000)
  from space 22016K, 51% used [0x00000000fcf00000,0x00000000fda29940,0x00000000fe480000)
  to   space 21504K, 0% used [0x00000000feb00000,0x00000000feb00000,0x0000000100000000)
 ParOldGen       total 85504K, used 61572K [0x00000000e0000000, 0x00000000e5380000, 0x00000000f5500000)
  object space 85504K, 72% used [0x00000000e0000000,0x00000000e3c21200,0x00000000e5380000)
 PSPermGen       total 112640K, used 74951K [0x00000000d0000000, 0x00000000d6e00000, 0x00000000e0000000)
  object space 112640K, 66% used [0x00000000d0000000,0x00000000d4931d08,0x00000000d6e00000)
}

