# JRE version: Java(TM) SE Runtime Environment (7.0_71-b14) (build 1.7.0_71-b14)
# Java VM: Java HotSpot(TM) 64-Bit Server VM (24.71-b01 mixed mode windows-amd64 compressed oops)
Heap
 PSYoungGen      total 70656K, used 31446K [0x00000000f5500000, 0x00000000f9f00000, 0x0000000100000000)
  eden space 65536K, 40% used [0x00000000f5500000,0x00000000f6ebc198,0x00000000f9500000)
  from space 5120K, 99% used [0x00000000f9a00000,0x00000000f9ef9980,0x00000000f9f00000)
  to   space 5120K, 0% used [0x00000000f9500000,0x00000000f9500000,0x00000000f9a00000)
 ParOldGen       total 85504K, used 20211K [0x00000000e0000000, 0x00000000e5380000, 0x00000000f5500000)
  object space 85504K, 23% used [0x00000000e0000000,0x00000000e13bcdb0,0x00000000e5380000)
 PSPermGen       total 21504K, used 7095K [0x00000000dae00000, 0x00000000dc300000, 0x00000000e0000000)
  object space 21504K, 32% used [0x00000000dae00000,0x00000000db4edf80,0x00000000dc300000)
GC Heap History (4 events):
Event: 1.528 GC heap before
{Heap before GC invocations=1 (full 0):
 PSYoungGen      total 37888K, used 32768K [0x00000000f5500000, 0x00000000f7f00000, 0x0000000100000000)
  eden space 32768K, 100% used [0x00000000f5500000,0x00000000f7500000,0x00000000f7500000)
  from space 5120K, 0% used [0x00000000f7a00000,0x00000000f7a00000,0x00000000f7f00000)
  to   space 5120K, 0% used [0x00000000f7500000,0x00000000f7500000,0x00000000f7a00000)
 ParOldGen       total 85504K, used 0K [0x00000000e0000000, 0x00000000e5380000, 0x00000000f5500000)
  object space 85504K, 0% used [0x00000000e0000000,0x00000000e0000000,0x00000000e5380000)
 PSPermGen       total 21504K, used 5506K [0x00000000dae00000, 0x00000000dc300000, 0x00000000e0000000)
  object space 21504K, 25% used [0x00000000dae00000,0x00000000db360b80,0x00000000dc300000)
Event: 1.550 GC heap after
Heap after GC invocations=1 (full 0):
 PSYoungGen      total 37888K, used 5099K [0x00000000f5500000, 0x00000000f9f00000, 0x0000000100000000)
  eden space 32768K, 0% used [0x00000000f5500000,0x00000000f5500000,0x00000000f7500000)
  from space 5120K, 99% used [0x00000000f7500000,0x00000000f79faef8,0x00000000f7a00000)
  to   space 5120K, 0% used [0x00000000f9a00000,0x00000000f9a00000,0x00000000f9f00000)
 ParOldGen       total 85504K, used 3294K [0x00000000e0000000, 0x00000000e5380000, 0x00000000f5500000)
  object space 85504K, 3% used [0x00000000e0000000,0x00000000e0337930,0x00000000e5380000)
 PSPermGen       total 21504K, used 5506K [0x00000000dae00000, 0x00000000dc300000, 0x00000000e0000000)
  object space 21504K, 25% used [0x00000000dae00000,0x00000000db360b80,0x00000000dc300000)
}
Event: 2.222 GC heap before
{Heap before GC invocations=2 (full 0):
 PSYoungGen      total 37888K, used 37867K [0x00000000f5500000, 0x00000000f9f00000, 0x0000000100000000)
  eden space 32768K, 100% used [0x00000000f5500000,0x00000000f7500000,0x00000000f7500000)
  from space 5120K, 99% used [0x00000000f7500000,0x00000000f79faef8,0x00000000f7a00000)
  to   space 5120K, 0% used [0x00000000f9a00000,0x00000000f9a00000,0x00000000f9f00000)
 ParOldGen       total 85504K, used 3294K [0x00000000e0000000, 0x00000000e5380000, 0x00000000f5500000)
  object space 85504K, 3% used [0x00000000e0000000,0x00000000e0337930,0x00000000e5380000)
 PSPermGen       total 21504K, used 7058K [0x00000000dae00000, 0x00000000dc300000, 0x00000000e0000000)
  object space 21504K, 32% used [0x00000000dae00000,0x00000000db4e4a00,0x00000000dc300000)
Event: 2.247 GC heap after
Heap after GC invocations=2 (full 0):
 PSYoungGen      total 70656K, used 5094K [0x00000000f5500000, 0x00000000f9f00000, 0x0000000100000000)
  eden space 65536K, 0% used [0x00000000f5500000,0x00000000f5500000,0x00000000f9500000)
  from space 5120K, 99% used [0x00000000f9a00000,0x00000000f9ef9980,0x00000000f9f00000)
  to   space 5120K, 0% used [0x00000000f9500000,0x00000000f9500000,0x00000000f9a00000)
 ParOldGen       total 85504K, used 20211K [0x00000000e0000000, 0x00000000e5380000, 0x00000000f5500000)
  object space 85504K, 23% used [0x00000000e0000000,0x00000000e13bcdb0,0x00000000e5380000)
 PSPermGen       total 21504K, used 7058K [0x00000000dae00000, 0x00000000dc300000, 0x00000000e0000000)
  object space 21504K, 32% used [0x00000000dae00000,0x00000000db4e4a00,0x00000000dc300000)
}

